==========================================
SLURM_JOB_ID = 15697368
SLURM_JOB_NODELIST = e15-01
TMPDIR = /tmp/SLURM_15697368
==========================================
13:54:33.602 INFO  NativeLibraryLoader - Loading libgkl_compression.so from jar:file:/project/davidwcr_264/Packages/gatk/4.2.6.1/gatk-package-4.2.6.1-local.jar!/com/intel/gkl/native/libgkl_compression.so
13:54:33.783 INFO  BaseRecalibrator - ------------------------------------------------------------
13:54:33.784 INFO  BaseRecalibrator - The Genome Analysis Toolkit (GATK) v4.2.6.1
13:54:33.784 INFO  BaseRecalibrator - For support and documentation go to https://software.broadinstitute.org/gatk/
13:54:33.784 INFO  BaseRecalibrator - Executing as jlee0087@e15-01.hpc.usc.edu on Linux v3.10.0-1160.71.1.el7.x86_64 amd64
13:54:33.785 INFO  BaseRecalibrator - Java runtime: OpenJDK 64-Bit Server VM v11.0.15+10
13:54:33.785 INFO  BaseRecalibrator - Start Date/Time: July 12, 2023 at 1:54:33 PM PDT
13:54:33.785 INFO  BaseRecalibrator - ------------------------------------------------------------
13:54:33.785 INFO  BaseRecalibrator - ------------------------------------------------------------
13:54:33.786 INFO  BaseRecalibrator - HTSJDK Version: 2.24.1
13:54:33.787 INFO  BaseRecalibrator - Picard Version: 2.27.1
13:54:33.787 INFO  BaseRecalibrator - Built for Spark Version: 2.4.5
13:54:33.787 INFO  BaseRecalibrator - HTSJDK Defaults.COMPRESSION_LEVEL : 2
13:54:33.787 INFO  BaseRecalibrator - HTSJDK Defaults.USE_ASYNC_IO_READ_FOR_SAMTOOLS : false
13:54:33.788 INFO  BaseRecalibrator - HTSJDK Defaults.USE_ASYNC_IO_WRITE_FOR_SAMTOOLS : true
13:54:33.788 INFO  BaseRecalibrator - HTSJDK Defaults.USE_ASYNC_IO_WRITE_FOR_TRIBBLE : false
13:54:33.788 INFO  BaseRecalibrator - Deflater: IntelDeflater
13:54:33.788 INFO  BaseRecalibrator - Inflater: IntelInflater
13:54:33.789 INFO  BaseRecalibrator - GCS max retries/reopens: 20
13:54:33.789 INFO  BaseRecalibrator - Requester pays: disabled
13:54:33.790 INFO  BaseRecalibrator - Initializing engine
13:54:34.005 INFO  FeatureManager - Using codec VCFCodec to read file file:///scratch1/jlee0087/projects/exome_exercise/vcfs/Homo_sapiens_assembly19_1000genomes_decoy.variantEval.dbsnp.vcf
13:54:34.025 INFO  BaseRecalibrator - Shutting down engine
[July 12, 2023 at 1:54:34 PM PDT] org.broadinstitute.hellbender.tools.walkers.bqsr.BaseRecalibrator done. Elapsed time: 0.01 minutes.
Runtime.totalMemory()=1006632960
***********************************************************************

A USER ERROR has occurred: Input files reference and reads have incompatible contigs: No overlapping contigs found.
  reference contigs = [1, 2, 3, 4, 5, 6, 7, 8, 9, 10, 11, 12, 13, 14, 15, 16, 17, 18, 19, 20, 21, 22, X, Y, MT, GL000207.1, GL000226.1, GL000229.1, GL000231.1, GL000210.1, GL000239.1, GL000235.1, GL000201.1, GL000247.1, GL000245.1, GL000197.1, GL000203.1, GL000246.1, GL000249.1, GL000196.1, GL000248.1, GL000244.1, GL000238.1, GL000202.1, GL000234.1, GL000232.1, GL000206.1, GL000240.1, GL000236.1, GL000241.1, GL000243.1, GL000242.1, GL000230.1, GL000237.1, GL000233.1, GL000204.1, GL000198.1, GL000208.1, GL000191.1, GL000227.1, GL000228.1, GL000214.1, GL000221.1, GL000209.1, GL000218.1, GL000220.1, GL000213.1, GL000211.1, GL000199.1, GL000217.1, GL000216.1, GL000215.1, GL000205.1, GL000219.1, GL000224.1, GL000223.1, GL000195.1, GL000212.1, GL000222.1, GL000200.1, GL000193.1, GL000194.1, GL000225.1, GL000192.1]
  reads contigs = []

***********************************************************************
Set the system property GATK_STACKTRACE_ON_USER_EXCEPTION (--java-options '-DGATK_STACKTRACE_ON_USER_EXCEPTION=true') to print the stack trace.
