==========================================
SLURM_JOB_ID = 15697373
SLURM_JOB_NODELIST = e15-01
TMPDIR = /tmp/SLURM_15697373
==========================================
[Wed Jul 12 13:56:22 PDT 2023] picard.sam.markduplicates.MarkDuplicates INPUT=[/scratch1/jlee0087/projects/exome_exercise/bams/merged.NA12878.bam] OUTPUT=/scratch1/jlee0087/projects/exome_exercise/bams/marked.merged.NA12878.bam METRICS_FILE=/scratch1/jlee0087/projects/exome_exercise/bams/marked_metrics.NA12878.txt    MAX_SEQUENCES_FOR_DISK_READ_ENDS_MAP=50000 MAX_FILE_HANDLES_FOR_READ_ENDS_MAP=8000 SORTING_COLLECTION_SIZE_RATIO=0.25 REMOVE_SEQUENCING_DUPLICATES=false TAGGING_POLICY=DontTag REMOVE_DUPLICATES=false ASSUME_SORTED=false DUPLICATE_SCORING_STRATEGY=SUM_OF_BASE_QUALITIES PROGRAM_RECORD_ID=MarkDuplicates PROGRAM_GROUP_NAME=MarkDuplicates READ_NAME_REGEX=<optimized capture of last three ':' separated fields as numeric values> OPTICAL_DUPLICATE_PIXEL_DISTANCE=100 VERBOSITY=INFO QUIET=false VALIDATION_STRINGENCY=STRICT COMPRESSION_LEVEL=5 MAX_RECORDS_IN_RAM=500000 CREATE_INDEX=false CREATE_MD5_FILE=false GA4GH_CLIENT_SECRETS=client_secrets.json
[Wed Jul 12 13:56:22 PDT 2023] Executing as jlee0087@e15-01.hpc.usc.edu on Linux 3.10.0-1160.71.1.el7.x86_64 amd64; OpenJDK 64-Bit Server VM 11.0.15+10; Picard version: 2.9.0-1-gf5b9f50-SNAPSHOT
INFO	2023-07-12 13:56:22	MarkDuplicates	Start of doWork freeMemory: 80099104; totalMemory: 83886080; maxMemory: 17179869184
INFO	2023-07-12 13:56:22	MarkDuplicates	Reading input file and constructing read end information.
INFO	2023-07-12 13:56:22	MarkDuplicates	Will retain up to 66076419 data points before spilling to disk.
INFO	2023-07-12 13:56:27	MarkDuplicates	Read     1,000,000 records.  Elapsed time: 00:00:04s.  Time for last 1,000,000:    4s.  Last read position: 1:16,361,364
INFO	2023-07-12 13:56:27	MarkDuplicates	Tracking 1349 as yet unmatched pairs. 138 records in RAM.
INFO	2023-07-12 13:56:30	MarkDuplicates	Read     2,000,000 records.  Elapsed time: 00:00:06s.  Time for last 1,000,000:    2s.  Last read position: 1:32,798,973
INFO	2023-07-12 13:56:30	MarkDuplicates	Tracking 2272 as yet unmatched pairs. 378 records in RAM.
INFO	2023-07-12 13:56:34	MarkDuplicates	Read     3,000,000 records.  Elapsed time: 00:00:11s.  Time for last 1,000,000:    4s.  Last read position: 1:64,015,234
INFO	2023-07-12 13:56:34	MarkDuplicates	Tracking 3246 as yet unmatched pairs. 502 records in RAM.
INFO	2023-07-12 13:56:37	MarkDuplicates	Read     4,000,000 records.  Elapsed time: 00:00:14s.  Time for last 1,000,000:    2s.  Last read position: 1:115,267,992
INFO	2023-07-12 13:56:37	MarkDuplicates	Tracking 4135 as yet unmatched pairs. 409 records in RAM.
INFO	2023-07-12 13:56:40	MarkDuplicates	Read     5,000,000 records.  Elapsed time: 00:00:17s.  Time for last 1,000,000:    3s.  Last read position: 1:149,874,985
INFO	2023-07-12 13:56:40	MarkDuplicates	Tracking 5779 as yet unmatched pairs. 230 records in RAM.
INFO	2023-07-12 13:56:43	MarkDuplicates	Read     6,000,000 records.  Elapsed time: 00:00:20s.  Time for last 1,000,000:    2s.  Last read position: 1:163,116,561
INFO	2023-07-12 13:56:43	MarkDuplicates	Tracking 6376 as yet unmatched pairs. 229 records in RAM.
INFO	2023-07-12 13:56:46	MarkDuplicates	Read     7,000,000 records.  Elapsed time: 00:00:23s.  Time for last 1,000,000:    3s.  Last read position: 1:205,377,157
INFO	2023-07-12 13:56:46	MarkDuplicates	Tracking 7263 as yet unmatched pairs. 179 records in RAM.
INFO	2023-07-12 13:56:50	MarkDuplicates	Read     8,000,000 records.  Elapsed time: 00:00:26s.  Time for last 1,000,000:    3s.  Last read position: 1:240,990,335
INFO	2023-07-12 13:56:50	MarkDuplicates	Tracking 8280 as yet unmatched pairs. 79 records in RAM.
INFO	2023-07-12 13:56:52	MarkDuplicates	Read     9,000,000 records.  Elapsed time: 00:00:29s.  Time for last 1,000,000:    2s.  Last read position: 2:36,764,514
INFO	2023-07-12 13:56:52	MarkDuplicates	Tracking 19511 as yet unmatched pairs. 1006 records in RAM.
INFO	2023-07-12 13:56:55	MarkDuplicates	Read    10,000,000 records.  Elapsed time: 00:00:32s.  Time for last 1,000,000:    2s.  Last read position: 2:87,347,972
INFO	2023-07-12 13:56:55	MarkDuplicates	Tracking 20410 as yet unmatched pairs. 1116 records in RAM.
INFO	2023-07-12 13:56:58	MarkDuplicates	Read    11,000,000 records.  Elapsed time: 00:00:35s.  Time for last 1,000,000:    3s.  Last read position: 2:120,718,579
INFO	2023-07-12 13:56:58	MarkDuplicates	Tracking 22803 as yet unmatched pairs. 612 records in RAM.
INFO	2023-07-12 13:57:01	MarkDuplicates	Read    12,000,000 records.  Elapsed time: 00:00:38s.  Time for last 1,000,000:    3s.  Last read position: 2:173,197,293
INFO	2023-07-12 13:57:01	MarkDuplicates	Tracking 23715 as yet unmatched pairs. 402 records in RAM.
INFO	2023-07-12 13:57:04	MarkDuplicates	Read    13,000,000 records.  Elapsed time: 00:00:41s.  Time for last 1,000,000:    2s.  Last read position: 2:219,841,479
INFO	2023-07-12 13:57:04	MarkDuplicates	Tracking 24416 as yet unmatched pairs. 268 records in RAM.
INFO	2023-07-12 13:57:07	MarkDuplicates	Read    14,000,000 records.  Elapsed time: 00:00:44s.  Time for last 1,000,000:    3s.  Last read position: 3:14,559,265
INFO	2023-07-12 13:57:07	MarkDuplicates	Tracking 24929 as yet unmatched pairs. 1069 records in RAM.
INFO	2023-07-12 13:57:10	MarkDuplicates	Read    15,000,000 records.  Elapsed time: 00:00:47s.  Time for last 1,000,000:    2s.  Last read position: 3:49,849,426
INFO	2023-07-12 13:57:10	MarkDuplicates	Tracking 25391 as yet unmatched pairs. 906 records in RAM.
INFO	2023-07-12 13:57:13	MarkDuplicates	Read    16,000,000 records.  Elapsed time: 00:00:49s.  Time for last 1,000,000:    2s.  Last read position: 3:113,246,402
INFO	2023-07-12 13:57:13	MarkDuplicates	Tracking 25924 as yet unmatched pairs. 538 records in RAM.
INFO	2023-07-12 13:57:15	MarkDuplicates	Read    17,000,000 records.  Elapsed time: 00:00:52s.  Time for last 1,000,000:    2s.  Last read position: 3:156,870,822
INFO	2023-07-12 13:57:15	MarkDuplicates	Tracking 26393 as yet unmatched pairs. 291 records in RAM.
INFO	2023-07-12 13:57:18	MarkDuplicates	Read    18,000,000 records.  Elapsed time: 00:00:55s.  Time for last 1,000,000:    2s.  Last read position: 4:1,741,603
INFO	2023-07-12 13:57:18	MarkDuplicates	Tracking 26965 as yet unmatched pairs. 1520 records in RAM.
INFO	2023-07-12 13:57:21	MarkDuplicates	Read    19,000,000 records.  Elapsed time: 00:00:58s.  Time for last 1,000,000:    2s.  Last read position: 4:44,719,208
INFO	2023-07-12 13:57:21	MarkDuplicates	Tracking 27429 as yet unmatched pairs. 1216 records in RAM.
INFO	2023-07-12 13:57:24	MarkDuplicates	Read    20,000,000 records.  Elapsed time: 00:01:00s.  Time for last 1,000,000:    2s.  Last read position: 4:110,745,709
INFO	2023-07-12 13:57:24	MarkDuplicates	Tracking 29354 as yet unmatched pairs. 474 records in RAM.
INFO	2023-07-12 13:57:26	MarkDuplicates	Read    21,000,000 records.  Elapsed time: 00:01:03s.  Time for last 1,000,000:    2s.  Last read position: 4:187,631,137
INFO	2023-07-12 13:57:26	MarkDuplicates	Tracking 29791 as yet unmatched pairs. 20 records in RAM.
INFO	2023-07-12 13:57:29	MarkDuplicates	Read    22,000,000 records.  Elapsed time: 00:01:06s.  Time for last 1,000,000:    2s.  Last read position: 5:55,395,461
INFO	2023-07-12 13:57:29	MarkDuplicates	Tracking 30475 as yet unmatched pairs. 1402 records in RAM.
INFO	2023-07-12 13:57:32	MarkDuplicates	Read    23,000,000 records.  Elapsed time: 00:01:09s.  Time for last 1,000,000:    2s.  Last read position: 5:102,360,844
INFO	2023-07-12 13:57:32	MarkDuplicates	Tracking 30706 as yet unmatched pairs. 883 records in RAM.
INFO	2023-07-12 13:57:35	MarkDuplicates	Read    24,000,000 records.  Elapsed time: 00:01:12s.  Time for last 1,000,000:    2s.  Last read position: 5:145,850,248
INFO	2023-07-12 13:57:35	MarkDuplicates	Tracking 30955 as yet unmatched pairs. 434 records in RAM.
INFO	2023-07-12 13:57:38	MarkDuplicates	Read    25,000,000 records.  Elapsed time: 00:01:15s.  Time for last 1,000,000:    3s.  Last read position: 6:3,140,668
INFO	2023-07-12 13:57:38	MarkDuplicates	Tracking 31131 as yet unmatched pairs. 1686 records in RAM.
INFO	2023-07-12 13:57:41	MarkDuplicates	Read    26,000,000 records.  Elapsed time: 00:01:18s.  Time for last 1,000,000:    2s.  Last read position: 6:33,410,259
INFO	2023-07-12 13:57:41	MarkDuplicates	Tracking 31293 as yet unmatched pairs. 1257 records in RAM.
INFO	2023-07-12 13:57:44	MarkDuplicates	Read    27,000,000 records.  Elapsed time: 00:01:21s.  Time for last 1,000,000:    2s.  Last read position: 6:77,553,491
INFO	2023-07-12 13:57:44	MarkDuplicates	Tracking 31355 as yet unmatched pairs. 772 records in RAM.
INFO	2023-07-12 13:57:47	MarkDuplicates	Read    28,000,000 records.  Elapsed time: 00:01:24s.  Time for last 1,000,000:    2s.  Last read position: 6:144,442,481
INFO	2023-07-12 13:57:47	MarkDuplicates	Tracking 31857 as yet unmatched pairs. 284 records in RAM.
INFO	2023-07-12 13:57:50	MarkDuplicates	Read    29,000,000 records.  Elapsed time: 00:01:27s.  Time for last 1,000,000:    3s.  Last read position: 7:19,839,145
INFO	2023-07-12 13:57:50	MarkDuplicates	Tracking 32026 as yet unmatched pairs. 2529 records in RAM.
INFO	2023-07-12 13:57:53	MarkDuplicates	Read    30,000,000 records.  Elapsed time: 00:01:30s.  Time for last 1,000,000:    3s.  Last read position: 7:56,441,283
INFO	2023-07-12 13:57:53	MarkDuplicates	Tracking 36682 as yet unmatched pairs. 6589 records in RAM.
INFO	2023-07-12 13:57:56	MarkDuplicates	Read    31,000,000 records.  Elapsed time: 00:01:33s.  Time for last 1,000,000:    2s.  Last read position: 7:83,588,773
INFO	2023-07-12 13:57:56	MarkDuplicates	Tracking 33136 as yet unmatched pairs. 1687 records in RAM.
INFO	2023-07-12 13:57:59	MarkDuplicates	Read    32,000,000 records.  Elapsed time: 00:01:36s.  Time for last 1,000,000:    2s.  Last read position: 7:107,531,637
INFO	2023-07-12 13:57:59	MarkDuplicates	Tracking 33058 as yet unmatched pairs. 1035 records in RAM.
INFO	2023-07-12 13:58:02	MarkDuplicates	Read    33,000,000 records.  Elapsed time: 00:01:39s.  Time for last 1,000,000:    2s.  Last read position: 7:150,645,961
INFO	2023-07-12 13:58:02	MarkDuplicates	Tracking 32844 as yet unmatched pairs. 210 records in RAM.
INFO	2023-07-12 13:58:06	MarkDuplicates	Read    34,000,000 records.  Elapsed time: 00:01:42s.  Time for last 1,000,000:    3s.  Last read position: 8:17,742,961
INFO	2023-07-12 13:58:06	MarkDuplicates	Tracking 32775 as yet unmatched pairs. 1825 records in RAM.
INFO	2023-07-12 13:58:08	MarkDuplicates	Read    35,000,000 records.  Elapsed time: 00:01:45s.  Time for last 1,000,000:    2s.  Last read position: 8:72,951,110
INFO	2023-07-12 13:58:08	MarkDuplicates	Tracking 32842 as yet unmatched pairs. 1182 records in RAM.
INFO	2023-07-12 13:58:11	MarkDuplicates	Read    36,000,000 records.  Elapsed time: 00:01:48s.  Time for last 1,000,000:    2s.  Last read position: 8:86,777,477
INFO	2023-07-12 13:58:11	MarkDuplicates	Tracking 34026 as yet unmatched pairs. 2150 records in RAM.
INFO	2023-07-12 13:58:14	MarkDuplicates	Read    37,000,000 records.  Elapsed time: 00:01:51s.  Time for last 1,000,000:    2s.  Last read position: 8:109,489,053
INFO	2023-07-12 13:58:14	MarkDuplicates	Tracking 32735 as yet unmatched pairs. 612 records in RAM.
INFO	2023-07-12 13:58:17	MarkDuplicates	Read    38,000,000 records.  Elapsed time: 00:01:54s.  Time for last 1,000,000:    3s.  Last read position: 9:15,055,534
INFO	2023-07-12 13:58:17	MarkDuplicates	Tracking 32722 as yet unmatched pairs. 2868 records in RAM.
INFO	2023-07-12 13:58:20	MarkDuplicates	Read    39,000,000 records.  Elapsed time: 00:01:57s.  Time for last 1,000,000:    3s.  Last read position: 9:67,301,563
INFO	2023-07-12 13:58:20	MarkDuplicates	Tracking 33449 as yet unmatched pairs. 2771 records in RAM.
INFO	2023-07-12 13:58:24	MarkDuplicates	Read    40,000,000 records.  Elapsed time: 00:02:00s.  Time for last 1,000,000:    3s.  Last read position: 9:104,239,221
INFO	2023-07-12 13:58:24	MarkDuplicates	Tracking 32322 as yet unmatched pairs. 862 records in RAM.
INFO	2023-07-12 13:58:27	MarkDuplicates	Read    41,000,000 records.  Elapsed time: 00:02:03s.  Time for last 1,000,000:    2s.  Last read position: 9:135,753,899
INFO	2023-07-12 13:58:27	MarkDuplicates	Tracking 32340 as yet unmatched pairs. 491 records in RAM.
INFO	2023-07-12 13:58:30	MarkDuplicates	Read    42,000,000 records.  Elapsed time: 00:02:07s.  Time for last 1,000,000:    3s.  Last read position: 10:30,658,278
INFO	2023-07-12 13:58:30	MarkDuplicates	Tracking 31954 as yet unmatched pairs. 3165 records in RAM.
INFO	2023-07-12 13:58:33	MarkDuplicates	Read    43,000,000 records.  Elapsed time: 00:02:10s.  Time for last 1,000,000:    2s.  Last read position: 10:74,658,888
INFO	2023-07-12 13:58:33	MarkDuplicates	Tracking 31637 as yet unmatched pairs. 1101 records in RAM.
INFO	2023-07-12 13:58:36	MarkDuplicates	Read    44,000,000 records.  Elapsed time: 00:02:13s.  Time for last 1,000,000:    2s.  Last read position: 10:105,213,590
INFO	2023-07-12 13:58:36	MarkDuplicates	Tracking 31381 as yet unmatched pairs. 496 records in RAM.
INFO	2023-07-12 13:58:39	MarkDuplicates	Read    45,000,000 records.  Elapsed time: 00:02:16s.  Time for last 1,000,000:    3s.  Last read position: 11:2,716,999
INFO	2023-07-12 13:58:39	MarkDuplicates	Tracking 30963 as yet unmatched pairs. 2684 records in RAM.
INFO	2023-07-12 13:58:42	MarkDuplicates	Read    46,000,000 records.  Elapsed time: 00:02:19s.  Time for last 1,000,000:    3s.  Last read position: 11:47,187,910
INFO	2023-07-12 13:58:42	MarkDuplicates	Tracking 30632 as yet unmatched pairs. 2044 records in RAM.
INFO	2023-07-12 13:58:45	MarkDuplicates	Read    47,000,000 records.  Elapsed time: 00:02:22s.  Time for last 1,000,000:    2s.  Last read position: 11:66,807,602
INFO	2023-07-12 13:58:45	MarkDuplicates	Tracking 30584 as yet unmatched pairs. 1301 records in RAM.
INFO	2023-07-12 13:58:48	MarkDuplicates	Read    48,000,000 records.  Elapsed time: 00:02:25s.  Time for last 1,000,000:    2s.  Last read position: 11:107,925,227
INFO	2023-07-12 13:58:48	MarkDuplicates	Tracking 30098 as yet unmatched pairs. 516 records in RAM.
INFO	2023-07-12 13:58:51	MarkDuplicates	Read    49,000,000 records.  Elapsed time: 00:02:28s.  Time for last 1,000,000:    3s.  Last read position: 12:6,122,562
INFO	2023-07-12 13:58:51	MarkDuplicates	Tracking 29771 as yet unmatched pairs. 2847 records in RAM.
INFO	2023-07-12 13:58:55	MarkDuplicates	Read    50,000,000 records.  Elapsed time: 00:02:31s.  Time for last 1,000,000:    3s.  Last read position: 12:48,535,087
INFO	2023-07-12 13:58:55	MarkDuplicates	Tracking 29567 as yet unmatched pairs. 2158 records in RAM.
INFO	2023-07-12 13:58:58	MarkDuplicates	Read    51,000,000 records.  Elapsed time: 00:02:34s.  Time for last 1,000,000:    3s.  Last read position: 12:69,107,241
INFO	2023-07-12 13:58:58	MarkDuplicates	Tracking 29076 as yet unmatched pairs. 1326 records in RAM.
INFO	2023-07-12 13:59:01	MarkDuplicates	Read    52,000,000 records.  Elapsed time: 00:02:37s.  Time for last 1,000,000:    3s.  Last read position: 12:118,610,293
INFO	2023-07-12 13:59:01	MarkDuplicates	Tracking 28562 as yet unmatched pairs. 508 records in RAM.
INFO	2023-07-12 13:59:04	MarkDuplicates	Read    53,000,000 records.  Elapsed time: 00:02:40s.  Time for last 1,000,000:    3s.  Last read position: 13:39,597,109
INFO	2023-07-12 13:59:04	MarkDuplicates	Tracking 28144 as yet unmatched pairs. 979 records in RAM.
INFO	2023-07-12 13:59:07	MarkDuplicates	Read    54,000,000 records.  Elapsed time: 00:02:44s.  Time for last 1,000,000:    3s.  Last read position: 14:19,553,779
INFO	2023-07-12 13:59:07	MarkDuplicates	Tracking 28274 as yet unmatched pairs. 2493 records in RAM.
INFO	2023-07-12 13:59:10	MarkDuplicates	Read    55,000,000 records.  Elapsed time: 00:02:47s.  Time for last 1,000,000:    3s.  Last read position: 14:63,174,472
INFO	2023-07-12 13:59:10	MarkDuplicates	Tracking 27227 as yet unmatched pairs. 1040 records in RAM.
INFO	2023-07-12 13:59:14	MarkDuplicates	Read    56,000,000 records.  Elapsed time: 00:02:50s.  Time for last 1,000,000:    3s.  Last read position: 14:103,188,621
INFO	2023-07-12 13:59:14	MarkDuplicates	Tracking 26688 as yet unmatched pairs. 177 records in RAM.
INFO	2023-07-12 13:59:17	MarkDuplicates	Read    57,000,000 records.  Elapsed time: 00:02:54s.  Time for last 1,000,000:    3s.  Last read position: 15:41,037,321
INFO	2023-07-12 13:59:17	MarkDuplicates	Tracking 26243 as yet unmatched pairs. 1914 records in RAM.
INFO	2023-07-12 13:59:20	MarkDuplicates	Read    58,000,000 records.  Elapsed time: 00:02:57s.  Time for last 1,000,000:    3s.  Last read position: 15:69,445,266
INFO	2023-07-12 13:59:20	MarkDuplicates	Tracking 25540 as yet unmatched pairs. 949 records in RAM.
INFO	2023-07-12 13:59:24	MarkDuplicates	Read    59,000,000 records.  Elapsed time: 00:03:00s.  Time for last 1,000,000:    3s.  Last read position: 15:90,294,331
INFO	2023-07-12 13:59:24	MarkDuplicates	Tracking 25162 as yet unmatched pairs. 278 records in RAM.
INFO	2023-07-12 13:59:27	MarkDuplicates	Read    60,000,000 records.  Elapsed time: 00:03:04s.  Time for last 1,000,000:    3s.  Last read position: 16:5,651,372
INFO	2023-07-12 13:59:27	MarkDuplicates	Tracking 24527 as yet unmatched pairs. 3101 records in RAM.
INFO	2023-07-12 13:59:30	MarkDuplicates	Read    61,000,000 records.  Elapsed time: 00:03:07s.  Time for last 1,000,000:    3s.  Last read position: 16:28,663,333
INFO	2023-07-12 13:59:30	MarkDuplicates	Tracking 24532 as yet unmatched pairs. 2937 records in RAM.
INFO	2023-07-12 13:59:33	MarkDuplicates	Read    62,000,000 records.  Elapsed time: 00:03:10s.  Time for last 1,000,000:    3s.  Last read position: 16:58,589,395
INFO	2023-07-12 13:59:33	MarkDuplicates	Tracking 23382 as yet unmatched pairs. 1282 records in RAM.
INFO	2023-07-12 13:59:36	MarkDuplicates	Read    63,000,000 records.  Elapsed time: 00:03:13s.  Time for last 1,000,000:    3s.  Last read position: 16:89,778,228
INFO	2023-07-12 13:59:36	MarkDuplicates	Tracking 22539 as yet unmatched pairs. 246 records in RAM.
INFO	2023-07-12 13:59:40	MarkDuplicates	Read    64,000,000 records.  Elapsed time: 00:03:17s.  Time for last 1,000,000:    3s.  Last read position: 17:15,517,087
INFO	2023-07-12 13:59:40	MarkDuplicates	Tracking 21939 as yet unmatched pairs. 2905 records in RAM.
INFO	2023-07-12 13:59:43	MarkDuplicates	Read    65,000,000 records.  Elapsed time: 00:03:20s.  Time for last 1,000,000:    3s.  Last read position: 17:34,747,936
INFO	2023-07-12 13:59:43	MarkDuplicates	Tracking 21280 as yet unmatched pairs. 2011 records in RAM.
INFO	2023-07-12 13:59:46	MarkDuplicates	Read    66,000,000 records.  Elapsed time: 00:03:23s.  Time for last 1,000,000:    3s.  Last read position: 17:45,195,644
INFO	2023-07-12 13:59:46	MarkDuplicates	Tracking 20861 as yet unmatched pairs. 1496 records in RAM.
INFO	2023-07-12 14:00:21	MarkDuplicates	Read    67,000,000 records.  Elapsed time: 00:03:58s.  Time for last 1,000,000:   34s.  Last read position: 17:72,942,968
INFO	2023-07-12 14:00:21	MarkDuplicates	Tracking 19949 as yet unmatched pairs. 454 records in RAM.
INFO	2023-07-12 14:00:24	MarkDuplicates	Read    68,000,000 records.  Elapsed time: 00:04:01s.  Time for last 1,000,000:    3s.  Last read position: 18:15,330,463
INFO	2023-07-12 14:00:24	MarkDuplicates	Tracking 19268 as yet unmatched pairs. 1220 records in RAM.
INFO	2023-07-12 14:00:27	MarkDuplicates	Read    69,000,000 records.  Elapsed time: 00:04:04s.  Time for last 1,000,000:    3s.  Last read position: 19:919,928
INFO	2023-07-12 14:00:27	MarkDuplicates	Tracking 18180 as yet unmatched pairs. 4380 records in RAM.
INFO	2023-07-12 14:00:31	MarkDuplicates	Read    70,000,000 records.  Elapsed time: 00:04:08s.  Time for last 1,000,000:    3s.  Last read position: 19:11,474,778
INFO	2023-07-12 14:00:31	MarkDuplicates	Tracking 17388 as yet unmatched pairs. 3527 records in RAM.
INFO	2023-07-12 14:00:34	MarkDuplicates	Read    71,000,000 records.  Elapsed time: 00:04:11s.  Time for last 1,000,000:    2s.  Last read position: 19:34,942,945
INFO	2023-07-12 14:00:34	MarkDuplicates	Tracking 15742 as yet unmatched pairs. 1758 records in RAM.
INFO	2023-07-12 14:00:37	MarkDuplicates	Read    72,000,000 records.  Elapsed time: 00:04:13s.  Time for last 1,000,000:    2s.  Last read position: 19:46,971,058
INFO	2023-07-12 14:00:37	MarkDuplicates	Tracking 15037 as yet unmatched pairs. 983 records in RAM.
INFO	2023-07-12 14:00:39	MarkDuplicates	Read    73,000,000 records.  Elapsed time: 00:04:16s.  Time for last 1,000,000:    2s.  Last read position: 19:58,002,829
INFO	2023-07-12 14:00:39	MarkDuplicates	Tracking 14238 as yet unmatched pairs. 108 records in RAM.
INFO	2023-07-12 14:00:42	MarkDuplicates	Read    74,000,000 records.  Elapsed time: 00:04:19s.  Time for last 1,000,000:    2s.  Last read position: 20:34,295,057
INFO	2023-07-12 14:00:42	MarkDuplicates	Tracking 13033 as yet unmatched pairs. 913 records in RAM.
INFO	2023-07-12 14:00:45	MarkDuplicates	Read    75,000,000 records.  Elapsed time: 00:04:22s.  Time for last 1,000,000:    2s.  Last read position: 21:10,614,665
INFO	2023-07-12 14:00:45	MarkDuplicates	Tracking 12117 as yet unmatched pairs. 1695 records in RAM.
INFO	2023-07-12 14:00:48	MarkDuplicates	Read    76,000,000 records.  Elapsed time: 00:04:25s.  Time for last 1,000,000:    2s.  Last read position: 22:18,761,851
INFO	2023-07-12 14:00:48	MarkDuplicates	Tracking 10522 as yet unmatched pairs. 1697 records in RAM.
INFO	2023-07-12 14:00:51	MarkDuplicates	Read    77,000,000 records.  Elapsed time: 00:04:27s.  Time for last 1,000,000:    2s.  Last read position: 22:31,979,835
INFO	2023-07-12 14:00:51	MarkDuplicates	Tracking 9758 as yet unmatched pairs. 896 records in RAM.
INFO	2023-07-12 14:00:53	MarkDuplicates	Read    78,000,000 records.  Elapsed time: 00:04:30s.  Time for last 1,000,000:    2s.  Last read position: X:1,720,304
INFO	2023-07-12 14:00:53	MarkDuplicates	Tracking 8809 as yet unmatched pairs. 3905 records in RAM.
INFO	2023-07-12 14:00:56	MarkDuplicates	Read    79,000,000 records.  Elapsed time: 00:04:33s.  Time for last 1,000,000:    2s.  Last read position: X:49,313,594
INFO	2023-07-12 14:00:56	MarkDuplicates	Tracking 7755 as yet unmatched pairs. 2831 records in RAM.
INFO	2023-07-12 14:00:59	MarkDuplicates	Read    80,000,000 records.  Elapsed time: 00:04:36s.  Time for last 1,000,000:    2s.  Last read position: X:103,892,437
INFO	2023-07-12 14:00:59	MarkDuplicates	Tracking 6346 as yet unmatched pairs. 1337 records in RAM.
INFO	2023-07-12 14:01:02	MarkDuplicates	Read    81,000,000 records.  Elapsed time: 00:04:38s.  Time for last 1,000,000:    2s.  Last read position: X:153,276,987
INFO	2023-07-12 14:01:02	MarkDuplicates	Tracking 5229 as yet unmatched pairs. 210 records in RAM.
INFO	2023-07-12 14:01:03	MarkDuplicates	Read 81611629 records. 0 pairs never matched.
INFO	2023-07-12 14:01:12	MarkDuplicates	After buildSortedReadEndLists freeMemory: 6723879792; totalMemory: 9927917568; maxMemory: 17179869184
INFO	2023-07-12 14:01:12	MarkDuplicates	Will retain up to 536870912 duplicate indices before spilling to disk.
INFO	2023-07-12 14:01:13	MarkDuplicates	Traversing read pair information and detecting duplicates.
INFO	2023-07-12 14:01:20	MarkDuplicates	Traversing fragment information and detecting duplicates.
INFO	2023-07-12 14:01:38	MarkDuplicates	Sorting list of duplicate records.
INFO	2023-07-12 14:01:38	MarkDuplicates	After generateDuplicateIndexes freeMemory: 5639246752; totalMemory: 9944694784; maxMemory: 17179869184
INFO	2023-07-12 14:01:38	MarkDuplicates	Marking 9279452 records as duplicates.
INFO	2023-07-12 14:01:38	MarkDuplicates	Found 3115 optical duplicate clusters.
INFO	2023-07-12 14:01:38	MarkDuplicates	Reads are assumed to be ordered by: coordinate
INFO	2023-07-12 14:03:35	MarkDuplicates	Written    10,000,000 records.  Elapsed time: 00:01:56s.  Time for last 10,000,000:  116s.  Last read position: 2:87,347,972
INFO	2023-07-12 14:05:32	MarkDuplicates	Written    20,000,000 records.  Elapsed time: 00:03:53s.  Time for last 10,000,000:  116s.  Last read position: 4:110,745,709
INFO	2023-07-12 14:07:29	MarkDuplicates	Written    30,000,000 records.  Elapsed time: 00:05:50s.  Time for last 10,000,000:  116s.  Last read position: 7:56,441,283
INFO	2023-07-12 14:09:24	MarkDuplicates	Written    40,000,000 records.  Elapsed time: 00:07:45s.  Time for last 10,000,000:  115s.  Last read position: 9:104,239,221
INFO	2023-07-12 14:11:20	MarkDuplicates	Written    50,000,000 records.  Elapsed time: 00:09:41s.  Time for last 10,000,000:  115s.  Last read position: 12:48,535,087
INFO	2023-07-12 14:13:15	MarkDuplicates	Written    60,000,000 records.  Elapsed time: 00:11:37s.  Time for last 10,000,000:  115s.  Last read position: 16:5,651,372
INFO	2023-07-12 14:15:11	MarkDuplicates	Written    70,000,000 records.  Elapsed time: 00:13:32s.  Time for last 10,000,000:  115s.  Last read position: 19:11,474,778
INFO	2023-07-12 14:17:05	MarkDuplicates	Written    80,000,000 records.  Elapsed time: 00:15:26s.  Time for last 10,000,000:  114s.  Last read position: X:103,892,437
INFO	2023-07-12 14:17:26	MarkDuplicates	Before output close freeMemory: 161352040; totalMemory: 167772160; maxMemory: 17179869184
INFO	2023-07-12 14:17:26	MarkDuplicates	After output close freeMemory: 53929352; totalMemory: 58720256; maxMemory: 17179869184
[Wed Jul 12 14:17:26 PDT 2023] picard.sam.markduplicates.MarkDuplicates done. Elapsed time: 21.06 minutes.
Runtime.totalMemory()=58720256
