==========================================
SLURM_JOB_ID = 15388048
SLURM_JOB_NODELIST = e06-16
TMPDIR = /tmp/SLURM_15388048
==========================================
java.lang.RuntimeException: java.lang.RuntimeException: Cannot create directory '/spack/apps/linux-centos7-x86_64/gcc-8.3.0/snpeff-2017-11-24-ouvgtdabu7an6qtjqs47fzrrbx5jxq6b/bin/data/GRCh37.75'
	at org.snpeff.util.Download.unzip(Download.java:296)
	at org.snpeff.snpEffect.commandLine.SnpEffCmdDownload.downloadAndInstall(SnpEffCmdDownload.java:33)
	at org.snpeff.snpEffect.commandLine.SnpEffCmdDownload.runDownloadGenome(SnpEffCmdDownload.java:86)
	at org.snpeff.snpEffect.commandLine.SnpEffCmdDownload.run(SnpEffCmdDownload.java:72)
	at org.snpeff.SnpEff.run(SnpEff.java:1221)
	at org.snpeff.SnpEff.loadDb(SnpEff.java:515)
	at org.snpeff.snpEffect.commandLine.SnpEffCmdEff.run(SnpEffCmdEff.java:1001)
	at org.snpeff.snpEffect.commandLine.SnpEffCmdEff.run(SnpEffCmdEff.java:984)
	at org.snpeff.SnpEff.run(SnpEff.java:1183)
	at org.snpeff.SnpEff.main(SnpEff.java:162)
Caused by: java.lang.RuntimeException: Cannot create directory '/spack/apps/linux-centos7-x86_64/gcc-8.3.0/snpeff-2017-11-24-ouvgtdabu7an6qtjqs47fzrrbx5jxq6b/bin/data/GRCh37.75'
	at org.snpeff.util.Download.unzip(Download.java:264)
	... 9 more
java.lang.RuntimeException: Genome download failed!
	at org.snpeff.SnpEff.loadDb(SnpEff.java:516)
	at org.snpeff.snpEffect.commandLine.SnpEffCmdEff.run(SnpEffCmdEff.java:1001)
	at org.snpeff.snpEffect.commandLine.SnpEffCmdEff.run(SnpEffCmdEff.java:984)
	at org.snpeff.SnpEff.run(SnpEff.java:1183)
	at org.snpeff.SnpEff.main(SnpEff.java:162)
